Flow report for NES_DragonBoard
Thu Jan 20 17:05:14 2022
Quartus Prime Version 18.1.0 Build 625 09/12/2018 SJ Lite Edition


---------------------
; Table of Contents ;
---------------------
  1. Legal Notice
  2. Flow Summary
  3. Flow Settings
  4. Flow Non-Default Global Settings
  5. Flow Elapsed Time
  6. Flow OS Summary
  7. Flow Log
  8. Flow Messages
  9. Flow Suppressed Messages



----------------
; Legal Notice ;
----------------
Copyright (C) 2018  Intel Corporation. All rights reserved.
Your use of Intel Corporation's design tools, logic functions 
and other software and tools, and its AMPP partner logic 
functions, and any output files from any of the foregoing 
(including device programming or simulation files), and any 
associated documentation or information are expressly subject 
to the terms and conditions of the Intel Program License 
Subscription Agreement, the Intel Quartus Prime License Agreement,
the Intel FPGA IP License Agreement, or other applicable license
agreement, including, without limitation, that your use is for
the sole purpose of programming logic devices manufactured by
Intel and sold by Intel or its authorized distributors.  Please
refer to the applicable agreement for further details.



+----------------------------------------------------------------------------------+
; Flow Summary                                                                     ;
+------------------------------------+---------------------------------------------+
; Flow Status                        ; Successful - Thu Jan 20 17:05:14 2022       ;
; Quartus Prime Version              ; 18.1.0 Build 625 09/12/2018 SJ Lite Edition ;
; Revision Name                      ; NES_DragonBoard                             ;
; Top-level Entity Name              ; NES_DragonBoard                             ;
; Family                             ; Cyclone IV E                                ;
; Device                             ; EP4CE6E22C8                                 ;
; Timing Models                      ; Final                                       ;
; Total logic elements               ; 3,451 / 6,272 ( 55 % )                      ;
;     Total combinational functions  ; 3,325 / 6,272 ( 53 % )                      ;
;     Dedicated logic registers      ; 1,335 / 6,272 ( 21 % )                      ;
; Total registers                    ; 1335                                        ;
; Total pins                         ; 54 / 92 ( 59 % )                            ;
; Total virtual pins                 ; 0                                           ;
; Total memory bits                  ; 100,800 / 276,480 ( 36 % )                  ;
; Embedded Multiplier 9-bit elements ; 0 / 30 ( 0 % )                              ;
; Total PLLs                         ; 1 / 2 ( 50 % )                              ;
+------------------------------------+---------------------------------------------+


+-----------------------------------------+
; Flow Settings                           ;
+-------------------+---------------------+
; Option            ; Setting             ;
+-------------------+---------------------+
; Start date & time ; 01/20/2022 17:03:45 ;
; Main task         ; Compilation         ;
; Revision Name     ; NES_DragonBoard     ;
+-------------------+---------------------+


+-------------------------------------------------------------------------------------------------------------------------------+
; Flow Non-Default Global Settings                                                                                              ;
+--------------------------------------+----------------------------------------+---------------+-------------+-----------------+
; Assignment Name                      ; Value                                  ; Default Value ; Entity Name ; Section Id      ;
+--------------------------------------+----------------------------------------+---------------+-------------+-----------------+
; COMPILER_SIGNATURE_ID                ; 113780617491.164271982504748           ; --            ; --          ; --              ;
; EDA_DESIGN_INSTANCE_NAME             ; NA                                     ; --            ; --          ; Testbench       ;
; EDA_DESIGN_INSTANCE_NAME             ; NA                                     ; --            ; --          ; Testbench_sdram ;
; EDA_NATIVELINK_SIMULATION_TEST_BENCH ; Testbench_sdram                        ; --            ; --          ; eda_simulation  ;
; EDA_OUTPUT_DATA_FORMAT               ; Systemverilog Hdl                      ; --            ; --          ; eda_simulation  ;
; EDA_SIMULATION_TOOL                  ; ModelSim-Altera (SystemVerilog)        ; <None>        ; --          ; --              ;
; EDA_TEST_BENCH_ENABLE_STATUS         ; TEST_BENCH_MODE                        ; --            ; --          ; eda_simulation  ;
; EDA_TEST_BENCH_FILE                  ; cart/cart.v                            ; --            ; --          ; Testbench       ;
; EDA_TEST_BENCH_FILE                  ; cpu/apu/apu.v                          ; --            ; --          ; Testbench       ;
; EDA_TEST_BENCH_FILE                  ; cpu/apu/apu_div.v                      ; --            ; --          ; Testbench       ;
; EDA_TEST_BENCH_FILE                  ; cpu/apu/apu_envelope_generator.v       ; --            ; --          ; Testbench       ;
; EDA_TEST_BENCH_FILE                  ; cpu/apu/apu_frame_counter.v            ; --            ; --          ; Testbench       ;
; EDA_TEST_BENCH_FILE                  ; cpu/apu/apu_length_counter.v           ; --            ; --          ; Testbench       ;
; EDA_TEST_BENCH_FILE                  ; cpu/apu/apu_mixer.v                    ; --            ; --          ; Testbench       ;
; EDA_TEST_BENCH_FILE                  ; cpu/apu/apu_noise.v                    ; --            ; --          ; Testbench       ;
; EDA_TEST_BENCH_FILE                  ; cpu/apu/apu_pulse.v                    ; --            ; --          ; Testbench       ;
; EDA_TEST_BENCH_FILE                  ; cpu/apu/apu_triangle.v                 ; --            ; --          ; Testbench       ;
; EDA_TEST_BENCH_FILE                  ; cpu/cpu.v                              ; --            ; --          ; Testbench       ;
; EDA_TEST_BENCH_FILE                  ; cpu/jp.v                               ; --            ; --          ; Testbench       ;
; EDA_TEST_BENCH_FILE                  ; cpu/rp2a03.v                           ; --            ; --          ; Testbench       ;
; EDA_TEST_BENCH_FILE                  ; cpu/sprdma.v                           ; --            ; --          ; Testbench       ;
; EDA_TEST_BENCH_FILE                  ; CHR_8_ROM.qip                          ; --            ; --          ; Testbench       ;
; EDA_TEST_BENCH_FILE                  ; CHR_8_ROM.v                            ; --            ; --          ; Testbench       ;
; EDA_TEST_BENCH_FILE                  ; Donkey_Kong_CHR.mif                    ; --            ; --          ; Testbench       ;
; EDA_TEST_BENCH_FILE                  ; Donkey_Kong_PRG.mif                    ; --            ; --          ; Testbench       ;
; EDA_TEST_BENCH_FILE                  ; nes_top.v                              ; --            ; --          ; Testbench       ;
; EDA_TEST_BENCH_FILE                  ; PLL0.qip                               ; --            ; --          ; Testbench       ;
; EDA_TEST_BENCH_FILE                  ; PLL0.ppf                               ; --            ; --          ; Testbench       ;
; EDA_TEST_BENCH_FILE                  ; PLL0.v                                 ; --            ; --          ; Testbench       ;
; EDA_TEST_BENCH_FILE                  ; PPU_gen2.v                             ; --            ; --          ; Testbench       ;
; EDA_TEST_BENCH_FILE                  ; PRG_16_ROM.qip                         ; --            ; --          ; Testbench       ;
; EDA_TEST_BENCH_FILE                  ; PRG_16_ROM.v                           ; --            ; --          ; Testbench       ;
; EDA_TEST_BENCH_FILE                  ; testbench.v                            ; --            ; --          ; Testbench       ;
; EDA_TEST_BENCH_FILE                  ; vram.qip                               ; --            ; --          ; Testbench       ;
; EDA_TEST_BENCH_FILE                  ; vram.v                                 ; --            ; --          ; Testbench       ;
; EDA_TEST_BENCH_FILE                  ; wram.qip                               ; --            ; --          ; Testbench       ;
; EDA_TEST_BENCH_FILE                  ; wram.v                                 ; --            ; --          ; Testbench       ;
; EDA_TEST_BENCH_FILE                  ; cart/cart_02.v                         ; --            ; --          ; Testbench_sdram ;
; EDA_TEST_BENCH_FILE                  ; cpu/apu/apu.v                          ; --            ; --          ; Testbench_sdram ;
; EDA_TEST_BENCH_FILE                  ; cpu/apu/apu_div.v                      ; --            ; --          ; Testbench_sdram ;
; EDA_TEST_BENCH_FILE                  ; cpu/apu/apu_envelope_generator.v       ; --            ; --          ; Testbench_sdram ;
; EDA_TEST_BENCH_FILE                  ; cpu/apu/apu_frame_counter.v            ; --            ; --          ; Testbench_sdram ;
; EDA_TEST_BENCH_FILE                  ; cpu/apu/apu_length_counter.v           ; --            ; --          ; Testbench_sdram ;
; EDA_TEST_BENCH_FILE                  ; cpu/apu/apu_mixer.v                    ; --            ; --          ; Testbench_sdram ;
; EDA_TEST_BENCH_FILE                  ; cpu/apu/apu_noise.v                    ; --            ; --          ; Testbench_sdram ;
; EDA_TEST_BENCH_FILE                  ; cpu/apu/apu_pulse.v                    ; --            ; --          ; Testbench_sdram ;
; EDA_TEST_BENCH_FILE                  ; cpu/apu/apu_triangle.v                 ; --            ; --          ; Testbench_sdram ;
; EDA_TEST_BENCH_FILE                  ; cpu/cpu.v                              ; --            ; --          ; Testbench_sdram ;
; EDA_TEST_BENCH_FILE                  ; cpu/jp.v                               ; --            ; --          ; Testbench_sdram ;
; EDA_TEST_BENCH_FILE                  ; cpu/rp2a03.v                           ; --            ; --          ; Testbench_sdram ;
; EDA_TEST_BENCH_FILE                  ; cpu/sprdma.v                           ; --            ; --          ; Testbench_sdram ;
; EDA_TEST_BENCH_FILE                  ; CHR_RAM.qip                            ; --            ; --          ; Testbench_sdram ;
; EDA_TEST_BENCH_FILE                  ; CHR_RAM.v                              ; --            ; --          ; Testbench_sdram ;
; EDA_TEST_BENCH_FILE                  ; eeprom.sv                              ; --            ; --          ; Testbench_sdram ;
; EDA_TEST_BENCH_FILE                  ; I2C_phy.sv                             ; --            ; --          ; Testbench_sdram ;
; EDA_TEST_BENCH_FILE                  ; nes_top.v                              ; --            ; --          ; Testbench_sdram ;
; EDA_TEST_BENCH_FILE                  ; PLL0.qip                               ; --            ; --          ; Testbench_sdram ;
; EDA_TEST_BENCH_FILE                  ; PLL0.ppf                               ; --            ; --          ; Testbench_sdram ;
; EDA_TEST_BENCH_FILE                  ; PLL0.v                                 ; --            ; --          ; Testbench_sdram ;
; EDA_TEST_BENCH_FILE                  ; PPU_gen2.v                             ; --            ; --          ; Testbench_sdram ;
; EDA_TEST_BENCH_FILE                  ; sdr.sv                                 ; --            ; --          ; Testbench_sdram ;
; EDA_TEST_BENCH_FILE                  ; SDRAM_SP8_I.sv                         ; --            ; --          ; Testbench_sdram ;
; EDA_TEST_BENCH_FILE                  ; testbench.sv                           ; --            ; --          ; Testbench_sdram ;
; EDA_TEST_BENCH_FILE                  ; vram.qip                               ; --            ; --          ; Testbench_sdram ;
; EDA_TEST_BENCH_FILE                  ; vram.v                                 ; --            ; --          ; Testbench_sdram ;
; EDA_TEST_BENCH_FILE                  ; wram.qip                               ; --            ; --          ; Testbench_sdram ;
; EDA_TEST_BENCH_FILE                  ; wram.v                                 ; --            ; --          ; Testbench_sdram ;
; EDA_TEST_BENCH_MODULE_NAME           ; Testbench                              ; --            ; --          ; Testbench       ;
; EDA_TEST_BENCH_MODULE_NAME           ; Testbench_sdram                        ; --            ; --          ; Testbench_sdram ;
; EDA_TEST_BENCH_NAME                  ; Testbench                              ; --            ; --          ; eda_simulation  ;
; EDA_TEST_BENCH_NAME                  ; Testbench_sdram                        ; --            ; --          ; eda_simulation  ;
; EDA_TEST_BENCH_RUN_SIM_FOR           ; 10 us                                  ; --            ; --          ; Testbench       ;
; EDA_TEST_BENCH_RUN_SIM_FOR           ; 1 us                                   ; --            ; --          ; Testbench_sdram ;
; EDA_TIME_SCALE                       ; 1 ps                                   ; --            ; --          ; eda_simulation  ;
; MAX_CORE_JUNCTION_TEMP               ; 85                                     ; --            ; --          ; --              ;
; MIN_CORE_JUNCTION_TEMP               ; 0                                      ; --            ; --          ; --              ;
; MISC_FILE                            ; PLL0.ppf                               ; --            ; --          ; --              ;
; NOMINAL_CORE_SUPPLY_VOLTAGE          ; 1.2V                                   ; --            ; --          ; --              ;
; OUTPUT_IO_TIMING_FAR_END_VMEAS       ; Half Signal Swing                      ; --            ; --          ; --              ;
; OUTPUT_IO_TIMING_FAR_END_VMEAS       ; Half Signal Swing                      ; --            ; --          ; --              ;
; OUTPUT_IO_TIMING_NEAR_END_VMEAS      ; Half Vccio                             ; --            ; --          ; --              ;
; OUTPUT_IO_TIMING_NEAR_END_VMEAS      ; Half Vccio                             ; --            ; --          ; --              ;
; PARTITION_COLOR                      ; -- (Not supported for targeted family) ; --            ; --          ; Top             ;
; PARTITION_FITTER_PRESERVATION_LEVEL  ; -- (Not supported for targeted family) ; --            ; --          ; Top             ;
; PARTITION_NETLIST_TYPE               ; -- (Not supported for targeted family) ; --            ; --          ; Top             ;
; POWER_BOARD_THERMAL_MODEL            ; None (CONSERVATIVE)                    ; --            ; --          ; --              ;
; POWER_PRESET_COOLING_SOLUTION        ; 23 MM HEAT SINK WITH 200 LFPM AIRFLOW  ; --            ; --          ; --              ;
; PROJECT_OUTPUT_DIRECTORY             ; output_files                           ; --            ; --          ; --              ;
+--------------------------------------+----------------------------------------+---------------+-------------+-----------------+


+--------------------------------------------------------------------------------------------------------------------------+
; Flow Elapsed Time                                                                                                        ;
+----------------------+--------------+-------------------------+---------------------+------------------------------------+
; Module Name          ; Elapsed Time ; Average Processors Used ; Peak Virtual Memory ; Total CPU Time (on all processors) ;
+----------------------+--------------+-------------------------+---------------------+------------------------------------+
; Analysis & Synthesis ; 00:00:41     ; 1.0                     ; 701 MB              ; 00:01:09                           ;
; Fitter               ; 00:00:25     ; 1.3                     ; 1632 MB             ; 00:00:40                           ;
; Assembler            ; 00:00:02     ; 1.0                     ; 548 MB              ; 00:00:02                           ;
; Timing Analyzer      ; 00:00:07     ; 1.5                     ; 709 MB              ; 00:00:08                           ;
; EDA Netlist Writer   ; 00:00:08     ; 1.0                     ; 554 MB              ; 00:00:08                           ;
; Total                ; 00:01:23     ; --                      ; --                  ; 00:02:07                           ;
+----------------------+--------------+-------------------------+---------------------+------------------------------------+


+-------------------------------------------------------------------------------------+
; Flow OS Summary                                                                     ;
+----------------------+------------------+-------------+------------+----------------+
; Module Name          ; Machine Hostname ; OS Name     ; OS Version ; Processor type ;
+----------------------+------------------+-------------+------------+----------------+
; Analysis & Synthesis ; WIN-5N11DQU3IJO  ; Windows 8.1 ; 6.3        ; x86_64         ;
; Fitter               ; WIN-5N11DQU3IJO  ; Windows 8.1 ; 6.3        ; x86_64         ;
; Assembler            ; WIN-5N11DQU3IJO  ; Windows 8.1 ; 6.3        ; x86_64         ;
; Timing Analyzer      ; WIN-5N11DQU3IJO  ; Windows 8.1 ; 6.3        ; x86_64         ;
; EDA Netlist Writer   ; WIN-5N11DQU3IJO  ; Windows 8.1 ; 6.3        ; x86_64         ;
+----------------------+------------------+-------------+------------+----------------+


------------
; Flow Log ;
------------
quartus_map --read_settings_files=on --write_settings_files=off NES_DragonBoard -c NES_DragonBoard
quartus_fit --read_settings_files=off --write_settings_files=off NES_DragonBoard -c NES_DragonBoard
quartus_asm --read_settings_files=off --write_settings_files=off NES_DragonBoard -c NES_DragonBoard
quartus_sta NES_DragonBoard -c NES_DragonBoard
quartus_eda --read_settings_files=off --write_settings_files=off NES_DragonBoard -c NES_DragonBoard



